\BOOKMARK [0][-]{chapter.1}{\376\377\173\054\116\000\172\340\000\040\000\040\176\352\213\272}{}% 1
\BOOKMARK [1][-]{section.1.1}{\376\377\0001\000.\0001\000\040\136\217\122\027\116\345\123\312\136\217\122\027\122\006\174\173}{chapter.1}% 2
\BOOKMARK [1][-]{section.1.2}{\376\377\0001\000.\0002\000\040\136\217\122\027\122\006\174\173\166\204\116\073\211\201\145\271\154\325}{chapter.1}% 3
\BOOKMARK [2][-]{subsection.1.2.1}{\376\377\0001\000.\0002\000.\0001\000\040\000D\000T\000W\145\271\154\325}{section.1.2}% 4
\BOOKMARK [2][-]{subsection.1.2.2}{\376\377\0001\000.\0002\000.\0002\000\040\000S\000h\000a\000p\000e\000l\000e\000t\000s\145\271\154\325}{section.1.2}% 5
\BOOKMARK [0][-]{chapter.2}{\376\377\173\054\116\214\172\340\000\040\000\040\000D\000T\000W\145\271\154\325\166\204\213\241\173\227\116\345\123\312\122\240\220\037\145\271\154\325}{}% 6
\BOOKMARK [1][-]{section.2.1}{\376\377\0002\000.\0001\000\040\000D\000T\000W\145\271\154\325\166\204\213\241\173\227}{chapter.2}% 7
\BOOKMARK [2][-]{subsection.2.1.1}{\376\377\0002\000.\0001\000.\0001\000\040\116\015\136\046\147\011\147\103\221\315\166\204\000D\000T\000W\145\271\154\325}{section.2.1}% 8
\BOOKMARK [2][-]{subsection.2.1.2}{\376\377\0002\000.\0001\000.\0002\000\040\136\046\147\011\147\103\221\315\174\373\145\160\166\204\000D\000T\000W\145\271\154\325}{section.2.1}% 9
\BOOKMARK [1][-]{section.2.2}{\376\377\0002\000.\0002\000\040\000D\000T\000W\145\271\154\325\166\204\122\240\220\037\142\200\135\347}{chapter.2}% 10
\BOOKMARK [2][-]{subsection.2.2.1}{\376\377\0002\000.\0002\000.\0001\000\040\000w\000a\000r\000p\000\040\000w\000i\000n\000d\000o\000w}{section.2.2}% 11
\BOOKMARK [2][-]{subsection.2.2.2}{\376\377\0002\000.\0002\000.\0002\000\040\136\217\122\027\166\204\122\006\153\265\136\163\127\107\210\150\171\072\154\325}{section.2.2}% 12
\BOOKMARK [2][-]{subsection.2.2.3}{\376\377\0002\000.\0002\000.\0003\000\040\000F\000a\000s\000t\000D\000T\000W\145\271\154\325}{section.2.2}% 13
\BOOKMARK [1][-]{section.2.3}{\376\377\0002\000.\0003\000\040\133\236\232\214\176\323\147\234}{chapter.2}% 14
\BOOKMARK [2][-]{subsection.2.3.1}{\376\377\0002\000.\0003\000.\0001\000\040\133\236\232\214\0001}{section.2.3}% 15
\BOOKMARK [2][-]{subsection.2.3.2}{\376\377\0002\000.\0003\000.\0002\000\040\133\236\232\214\0002}{section.2.3}% 16
\BOOKMARK [2][-]{subsection.2.3.3}{\376\377\0002\000.\0003\000.\0003\000\040\133\236\232\214\0003}{section.2.3}% 17
\BOOKMARK [0][-]{chapter.3}{\376\377\173\054\116\011\172\340\000\040\000\040\000S\000h\000a\000p\000e\000l\000e\000t\000s\145\271\154\325}{}% 18
\BOOKMARK [1][-]{section.3.1}{\376\377\0003\000.\0001\000\040\000S\000h\000a\000p\000e\000l\000e\000t\000s\173\200\116\313\116\345\123\312\133\232\116\111}{chapter.3}% 19
\BOOKMARK [1][-]{section.3.2}{\376\377\0003\000.\0002\000\040\000S\000h\000a\000p\000e\000l\000e\000t\213\241\173\227\116\345\123\312\122\240\220\037\145\271\154\325}{chapter.3}% 20
\BOOKMARK [2][-]{subsection.3.2.1}{\376\377\0003\000.\0002\000.\0001\000\040\000S\000h\000a\000p\000e\000l\000e\000t\166\204\213\241\173\227}{section.3.2}% 21
\BOOKMARK [2][-]{subsection.3.2.2}{\376\377\0003\000.\0002\000.\0002\000\040\000S\000h\000a\000p\000e\000l\000e\000t\213\241\173\227\166\204\122\240\220\037\145\271\154\325}{section.3.2}% 22
\BOOKMARK [0][-]{chapter*.25}{\376\377\201\364\214\042}{}% 23
\BOOKMARK [0][-]{section*.26}{\376\377\123\302\200\003\145\207\163\056}{}% 24
