This is pdfTeX, Version 3.1415926-2.3-1.40.12 (MiKTeX 2.9) (preloaded format=latex 2016.4.18)  18 APR 2016 15:36
entering extended mode
**XDUthesis.ins
(E:\毕业设计\XDUthesis-personal-master\XDUthesis.ins
LaTeX2e <2011/06/27>
Babel <v3.8m> and hyphenation patterns for loaded.
(D:\CTEX\MiKTeX\tex\latex\base\docstrip.tex
\blockLevel=\count79
\emptyLines=\count80
\processedLines=\count81
\commentsRemoved=\count82
\commentsPassed=\count83
\codeLinesPassed=\count84
\TotalprocessedLines=\count85
\TotalcommentsRemoved=\count86
\TotalcommentsPassed=\count87
\TotalcodeLinesPassed=\count88
\NumberOfFiles=\count89
\inFile=\read1
\inputcheck=\read2
\off@0=\count90
\off@1=\count91
\off@2=\count92
\off@3=\count93
\off@4=\count94
\off@5=\count95
\off@6=\count96
\off@7=\count97
\off@8=\count98
\off@9=\count99
\off@10=\count100
\off@11=\count101
\off@12=\count102
\off@13=\count103
\off@14=\count104
\off@15=\count105
\@maxfiles=\count106
\@maxoutfiles=\count107

Utility: `docstrip' 2.5d <2005/07/29>
English documentation    <1999/03/31>

**********************************************************
* This program converts documented macro-files into fast *
* loadable files by stripping off (nearly) all comments! *
**********************************************************

********************************************************
* No Configuration file found, using default settings. *
********************************************************

)

Generating file(s) ./XDUthesis.cls ./XDUthesis.cfg 

Processing file XDUthesis.dtx (cls) -> XDUthesis.cls
                              (cfg) -> XDUthesis.cfg
File XDUthesis.dtx ended by \endinput.
Lines  processed: 1312
Comments removed: 794
Comments  passed: 30
Codelines passed: 470

***********************************************************
*
* To finish the installation you have to move the following
* files into a directory searched by TeX:
*
* The recommended directory is TEXMF/tex/latex/XDUthesis
*
*   XDUthesis.cls
*   XDUthesis.cfg
*
* To produce the documentation run the files ending with
* `.dtx' through LaTeX.
*
* Happy TeXing!
***********************************************************
 ) 
Here is how much of TeX's memory you used:
 322 strings out of 495355
 3337 string characters out of 3183882
 53041 words of memory out of 3000000
 3585 multiletter control sequences out of 15000+200000
 3640 words of font info for 14 fonts, out of 3000000 for 9000
 14 hyphenation exceptions out of 8191
 13i,0n,15p,604b,131s stack positions out of 5000i,500n,10000p,200000b,50000s

No pages of output.
